2015-02-15 12:41:24,702 [Worker-6] INFO  o.e.m.c.i.l.LifecycleMappingFactory - Using org.eclipse.m2e.jdt.JarLifecycleMapping lifecycle mapping for MavenProject: mikeheke.studycode.designpattern:facade:1.0-SNAPSHOT @ /home/mike/gitwork/mikegit/studycode/java/designpattern/facade/pom.xml.
2015-02-15 12:41:24,703 [Worker-3] INFO  o.e.m.c.i.l.LifecycleMappingFactory - Using org.eclipse.m2e.jdt.JarLifecycleMapping lifecycle mapping for MavenProject: mikeheke.studycode.designpattern:facade:1.0-SNAPSHOT @ /home/mike/gitwork/mikegit/studycode/java/designpattern/facade/pom.xml.
2015-02-15 12:41:25,858 [Worker-3] INFO  o.e.m.c.i.embedder.EclipseLogger - Using 'UTF-8' encoding to copy filtered resources.
2015-02-15 12:41:25,858 [Worker-3] INFO  o.e.m.c.i.embedder.EclipseLogger - skip non existing resourceDirectory /home/mike/gitwork/mikegit/studycode/java/designpattern/facade/src/main/resources
2015-02-15 12:41:25,862 [Worker-3] INFO  o.e.m.c.i.embedder.EclipseLogger - Using 'UTF-8' encoding to copy filtered resources.
2015-02-15 12:41:25,862 [Worker-3] INFO  o.e.m.c.i.embedder.EclipseLogger - skip non existing resourceDirectory /home/mike/gitwork/mikegit/studycode/java/designpattern/facade/src/test/resources
2015-02-15 12:41:26,093 [Worker-8] INFO  o.e.m.c.i.l.LifecycleMappingFactory - Using org.eclipse.m2e.jdt.JarLifecycleMapping lifecycle mapping for MavenProject: mikeheke.studycode.designpattern:facade:1.0-SNAPSHOT @ /home/mike/gitwork/mikegit/studycode/java/designpattern/facade/pom.xml.
2015-02-15 12:41:26,142 [Worker-8] INFO  o.e.m.c.i.l.LifecycleMappingFactory - Using org.eclipse.m2e.jdt.JarLifecycleMapping lifecycle mapping for MavenProject: mikeheke.studycode.designpattern:mediator:1.0-SNAPSHOT @ /home/mike/gitwork/mikegit/studycode/java/designpattern/mediator/pom.xml.
2015-02-15 12:41:26,171 [Worker-8] INFO  o.e.m.c.i.l.LifecycleMappingFactory - Using org.eclipse.m2e.jdt.JarLifecycleMapping lifecycle mapping for MavenProject: mikeheke.designpattern.studycode:memento:1.0-SNAPSHOT @ /home/mike/gitwork/mikegit/studycode/java/designpattern/memento/pom.xml.
2015-02-15 12:41:26,200 [Worker-8] INFO  o.e.m.c.i.l.LifecycleMappingFactory - Using org.eclipse.m2e.jdt.JarLifecycleMapping lifecycle mapping for MavenProject: mikeheke.studycode.designpattern:observer:1.0-SNAPSHOT @ /home/mike/gitwork/mikegit/studycode/java/designpattern/observer/pom.xml.
2015-02-15 12:41:26,257 [Worker-8] INFO  o.e.m.c.i.l.LifecycleMappingFactory - Using org.eclipse.m2e.jdt.JarLifecycleMapping lifecycle mapping for MavenProject: mikeheke.studycode.designpattern:prototype:1.0-SNAPSHOT @ /home/mike/gitwork/mikegit/studycode/java/designpattern/prototype/pom.xml.
2015-02-15 12:41:26,290 [Worker-3] INFO  o.e.m.c.i.l.LifecycleMappingFactory - Using org.eclipse.m2e.jdt.JarLifecycleMapping lifecycle mapping for MavenProject: mikeheke.studycode.designpattern:mediator:1.0-SNAPSHOT @ /home/mike/gitwork/mikegit/studycode/java/designpattern/mediator/pom.xml.
2015-02-15 12:41:26,460 [Worker-3] INFO  o.e.m.c.i.embedder.EclipseLogger - Using 'UTF-8' encoding to copy filtered resources.
2015-02-15 12:41:26,460 [Worker-3] INFO  o.e.m.c.i.embedder.EclipseLogger - skip non existing resourceDirectory /home/mike/gitwork/mikegit/studycode/java/designpattern/mediator/src/main/resources
2015-02-15 12:41:26,469 [Worker-3] INFO  o.e.m.c.i.embedder.EclipseLogger - Using 'UTF-8' encoding to copy filtered resources.
2015-02-15 12:41:26,469 [Worker-3] INFO  o.e.m.c.i.embedder.EclipseLogger - skip non existing resourceDirectory /home/mike/gitwork/mikegit/studycode/java/designpattern/mediator/src/test/resources
2015-02-15 12:41:26,710 [Worker-3] INFO  o.e.m.c.i.l.LifecycleMappingFactory - Using org.eclipse.m2e.jdt.JarLifecycleMapping lifecycle mapping for MavenProject: mikeheke.designpattern.studycode:memento:1.0-SNAPSHOT @ /home/mike/gitwork/mikegit/studycode/java/designpattern/memento/pom.xml.
2015-02-15 12:41:26,889 [Worker-3] INFO  o.e.m.c.i.embedder.EclipseLogger - Using 'UTF-8' encoding to copy filtered resources.
2015-02-15 12:41:26,890 [Worker-3] INFO  o.e.m.c.i.embedder.EclipseLogger - skip non existing resourceDirectory /home/mike/gitwork/mikegit/studycode/java/designpattern/memento/src/main/resources
2015-02-15 12:41:26,893 [Worker-3] INFO  o.e.m.c.i.embedder.EclipseLogger - Using 'UTF-8' encoding to copy filtered resources.
2015-02-15 12:41:26,893 [Worker-3] INFO  o.e.m.c.i.embedder.EclipseLogger - skip non existing resourceDirectory /home/mike/gitwork/mikegit/studycode/java/designpattern/memento/src/test/resources
2015-02-15 12:41:27,160 [Worker-3] INFO  o.e.m.c.i.l.LifecycleMappingFactory - Using org.eclipse.m2e.jdt.JarLifecycleMapping lifecycle mapping for MavenProject: mikeheke.studycode.designpattern:observer:1.0-SNAPSHOT @ /home/mike/gitwork/mikegit/studycode/java/designpattern/observer/pom.xml.
2015-02-15 12:41:27,283 [Worker-3] INFO  o.e.m.c.i.embedder.EclipseLogger - Using 'UTF-8' encoding to copy filtered resources.
2015-02-15 12:41:27,283 [Worker-3] INFO  o.e.m.c.i.embedder.EclipseLogger - skip non existing resourceDirectory /home/mike/gitwork/mikegit/studycode/java/designpattern/observer/src/main/resources
2015-02-15 12:41:27,285 [Worker-3] INFO  o.e.m.c.i.embedder.EclipseLogger - Using 'UTF-8' encoding to copy filtered resources.
2015-02-15 12:41:27,285 [Worker-3] INFO  o.e.m.c.i.embedder.EclipseLogger - skip non existing resourceDirectory /home/mike/gitwork/mikegit/studycode/java/designpattern/observer/src/test/resources
2015-02-15 12:41:27,523 [Worker-8] INFO  o.e.m.c.i.l.LifecycleMappingFactory - Using org.eclipse.m2e.jdt.JarLifecycleMapping lifecycle mapping for MavenProject: mikeheke.studycode.designpattern:facade:1.0-SNAPSHOT @ /home/mike/gitwork/mikegit/studycode/java/designpattern/facade/pom.xml.
2015-02-15 12:41:27,567 [Worker-8] INFO  o.e.m.c.i.l.LifecycleMappingFactory - Using org.eclipse.m2e.jdt.JarLifecycleMapping lifecycle mapping for MavenProject: mikeheke.studycode.designpattern:mediator:1.0-SNAPSHOT @ /home/mike/gitwork/mikegit/studycode/java/designpattern/mediator/pom.xml.
2015-02-15 12:41:27,594 [Worker-3] INFO  o.e.m.c.i.l.LifecycleMappingFactory - Using org.eclipse.m2e.jdt.JarLifecycleMapping lifecycle mapping for MavenProject: mikeheke.studycode.designpattern:prototype:1.0-SNAPSHOT @ /home/mike/gitwork/mikegit/studycode/java/designpattern/prototype/pom.xml.
2015-02-15 12:41:27,690 [Worker-3] INFO  o.e.m.c.i.embedder.EclipseLogger - Using 'UTF-8' encoding to copy filtered resources.
2015-02-15 12:41:27,690 [Worker-3] INFO  o.e.m.c.i.embedder.EclipseLogger - skip non existing resourceDirectory /home/mike/gitwork/mikegit/studycode/java/designpattern/prototype/src/main/resources
2015-02-15 12:41:27,692 [Worker-3] INFO  o.e.m.c.i.embedder.EclipseLogger - Using 'UTF-8' encoding to copy filtered resources.
2015-02-15 12:41:27,693 [Worker-3] INFO  o.e.m.c.i.embedder.EclipseLogger - skip non existing resourceDirectory /home/mike/gitwork/mikegit/studycode/java/designpattern/prototype/src/test/resources
2015-02-15 12:41:28,873 [Worker-6] INFO  o.e.m.c.i.l.LifecycleMappingFactory - Using org.eclipse.m2e.jdt.JarLifecycleMapping lifecycle mapping for MavenProject: mikeheke.studycode.designpattern:facade:1.0-SNAPSHOT @ /home/mike/gitwork/mikegit/studycode/java/designpattern/facade/pom.xml.
2015-02-15 12:41:28,915 [Worker-6] INFO  o.e.m.c.i.l.LifecycleMappingFactory - Using org.eclipse.m2e.jdt.JarLifecycleMapping lifecycle mapping for MavenProject: mikeheke.studycode.designpattern:mediator:1.0-SNAPSHOT @ /home/mike/gitwork/mikegit/studycode/java/designpattern/mediator/pom.xml.
2015-02-15 12:41:28,943 [Worker-6] INFO  o.e.m.c.i.l.LifecycleMappingFactory - Using org.eclipse.m2e.jdt.JarLifecycleMapping lifecycle mapping for MavenProject: mikeheke.designpattern.studycode:memento:1.0-SNAPSHOT @ /home/mike/gitwork/mikegit/studycode/java/designpattern/memento/pom.xml.
2015-02-15 12:41:29,048 [Worker-6] INFO  o.e.m.c.i.l.LifecycleMappingFactory - Using org.eclipse.m2e.jdt.JarLifecycleMapping lifecycle mapping for MavenProject: mikeheke.studycode.designpattern:observer:1.0-SNAPSHOT @ /home/mike/gitwork/mikegit/studycode/java/designpattern/observer/pom.xml.
2015-02-15 12:41:29,084 [Worker-6] INFO  o.e.m.c.i.l.LifecycleMappingFactory - Using org.eclipse.m2e.jdt.JarLifecycleMapping lifecycle mapping for MavenProject: mikeheke.studycode.designpattern:prototype:1.0-SNAPSHOT @ /home/mike/gitwork/mikegit/studycode/java/designpattern/prototype/pom.xml.
2015-02-15 12:41:29,126 [Worker-6] INFO  o.e.m.c.i.l.LifecycleMappingFactory - Using org.eclipse.m2e.jdt.JarLifecycleMapping lifecycle mapping for MavenProject: mikeheke.studycode.designpattern:mediator:1.0-SNAPSHOT @ /home/mike/gitwork/mikegit/studycode/java/designpattern/mediator/pom.xml.
2015-02-15 12:41:29,212 [Worker-6] INFO  o.e.m.c.i.l.LifecycleMappingFactory - Using org.eclipse.m2e.jdt.JarLifecycleMapping lifecycle mapping for MavenProject: mikeheke.studycode.designpattern:prototype:1.0-SNAPSHOT @ /home/mike/gitwork/mikegit/studycode/java/designpattern/prototype/pom.xml.
2015-02-15 12:41:29,250 [Worker-6] INFO  o.e.m.c.i.l.LifecycleMappingFactory - Using org.eclipse.m2e.jdt.JarLifecycleMapping lifecycle mapping for MavenProject: mikeheke.studycode.designpattern:observer:1.0-SNAPSHOT @ /home/mike/gitwork/mikegit/studycode/java/designpattern/observer/pom.xml.
2015-02-15 12:41:29,309 [Worker-6] INFO  o.e.m.c.i.l.LifecycleMappingFactory - Using org.eclipse.m2e.jdt.JarLifecycleMapping lifecycle mapping for MavenProject: mikeheke.designpattern.studycode:memento:1.0-SNAPSHOT @ /home/mike/gitwork/mikegit/studycode/java/designpattern/memento/pom.xml.
2015-02-15 12:41:29,319 [Worker-7] INFO  o.e.m.c.i.embedder.EclipseLogger - Using 'UTF-8' encoding to copy filtered resources.
2015-02-15 12:41:29,319 [Worker-7] INFO  o.e.m.c.i.embedder.EclipseLogger - skip non existing resourceDirectory /home/mike/gitwork/mikegit/studycode/java/designpattern/facade/src/main/resources
2015-02-15 12:41:29,322 [Worker-7] INFO  o.e.m.c.i.embedder.EclipseLogger - Using 'UTF-8' encoding to copy filtered resources.
2015-02-15 12:41:29,322 [Worker-7] INFO  o.e.m.c.i.embedder.EclipseLogger - skip non existing resourceDirectory /home/mike/gitwork/mikegit/studycode/java/designpattern/facade/src/test/resources
2015-02-15 12:41:29,912 [Worker-6] INFO  o.e.m.c.i.l.LifecycleMappingFactory - Using org.eclipse.m2e.jdt.JarLifecycleMapping lifecycle mapping for MavenProject: mikeheke.studycode.designpattern:facade:1.0-SNAPSHOT @ /home/mike/gitwork/mikegit/studycode/java/designpattern/facade/pom.xml.
2015-02-15 12:41:29,969 [Worker-7] INFO  o.e.m.c.i.embedder.EclipseLogger - Using 'UTF-8' encoding to copy filtered resources.
2015-02-15 12:41:29,969 [Worker-7] INFO  o.e.m.c.i.embedder.EclipseLogger - skip non existing resourceDirectory /home/mike/gitwork/mikegit/studycode/java/designpattern/mediator/src/main/resources
2015-02-15 12:41:29,971 [Worker-7] INFO  o.e.m.c.i.embedder.EclipseLogger - Using 'UTF-8' encoding to copy filtered resources.
2015-02-15 12:41:29,972 [Worker-7] INFO  o.e.m.c.i.embedder.EclipseLogger - skip non existing resourceDirectory /home/mike/gitwork/mikegit/studycode/java/designpattern/mediator/src/test/resources
2015-02-15 12:41:30,161 [Worker-7] INFO  o.e.m.c.i.embedder.EclipseLogger - Using 'UTF-8' encoding to copy filtered resources.
2015-02-15 12:41:30,161 [Worker-7] INFO  o.e.m.c.i.embedder.EclipseLogger - skip non existing resourceDirectory /home/mike/gitwork/mikegit/studycode/java/designpattern/memento/src/main/resources
2015-02-15 12:41:30,165 [Worker-7] INFO  o.e.m.c.i.embedder.EclipseLogger - Using 'UTF-8' encoding to copy filtered resources.
2015-02-15 12:41:30,165 [Worker-7] INFO  o.e.m.c.i.embedder.EclipseLogger - skip non existing resourceDirectory /home/mike/gitwork/mikegit/studycode/java/designpattern/memento/src/test/resources
2015-02-15 12:41:30,354 [Worker-7] INFO  o.e.m.c.i.embedder.EclipseLogger - Using 'UTF-8' encoding to copy filtered resources.
2015-02-15 12:41:30,354 [Worker-7] INFO  o.e.m.c.i.embedder.EclipseLogger - skip non existing resourceDirectory /home/mike/gitwork/mikegit/studycode/java/designpattern/observer/src/main/resources
2015-02-15 12:41:30,356 [Worker-7] INFO  o.e.m.c.i.embedder.EclipseLogger - Using 'UTF-8' encoding to copy filtered resources.
2015-02-15 12:41:30,356 [Worker-7] INFO  o.e.m.c.i.embedder.EclipseLogger - skip non existing resourceDirectory /home/mike/gitwork/mikegit/studycode/java/designpattern/observer/src/test/resources
2015-02-15 12:41:30,432 [Worker-7] INFO  o.e.m.c.i.embedder.EclipseLogger - Using 'UTF-8' encoding to copy filtered resources.
2015-02-15 12:41:30,432 [Worker-7] INFO  o.e.m.c.i.embedder.EclipseLogger - skip non existing resourceDirectory /home/mike/gitwork/mikegit/studycode/java/designpattern/prototype/src/main/resources
2015-02-15 12:41:30,434 [Worker-7] INFO  o.e.m.c.i.embedder.EclipseLogger - Using 'UTF-8' encoding to copy filtered resources.
2015-02-15 12:41:30,434 [Worker-7] INFO  o.e.m.c.i.embedder.EclipseLogger - skip non existing resourceDirectory /home/mike/gitwork/mikegit/studycode/java/designpattern/prototype/src/test/resources
2015-02-15 12:41:36,651 [Worker-0] INFO  o.e.m.c.i.embedder.EclipseLogger - Using 'UTF-8' encoding to copy filtered resources.
2015-02-15 12:41:36,651 [Worker-0] INFO  o.e.m.c.i.embedder.EclipseLogger - skip non existing resourceDirectory /home/mike/gitwork/mikegit/studycode/java/designpattern/facade/src/main/resources
2015-02-15 12:41:36,653 [Worker-0] INFO  o.e.m.c.i.embedder.EclipseLogger - Using 'UTF-8' encoding to copy filtered resources.
2015-02-15 12:41:36,653 [Worker-0] INFO  o.e.m.c.i.embedder.EclipseLogger - skip non existing resourceDirectory /home/mike/gitwork/mikegit/studycode/java/designpattern/facade/src/test/resources
2015-02-15 12:41:36,669 [Worker-0] INFO  o.e.m.c.i.embedder.EclipseLogger - Using 'UTF-8' encoding to copy filtered resources.
2015-02-15 12:41:36,669 [Worker-0] INFO  o.e.m.c.i.embedder.EclipseLogger - skip non existing resourceDirectory /home/mike/gitwork/mikegit/studycode/java/designpattern/mediator/src/main/resources
2015-02-15 12:41:36,670 [Worker-0] INFO  o.e.m.c.i.embedder.EclipseLogger - Using 'UTF-8' encoding to copy filtered resources.
2015-02-15 12:41:36,671 [Worker-0] INFO  o.e.m.c.i.embedder.EclipseLogger - skip non existing resourceDirectory /home/mike/gitwork/mikegit/studycode/java/designpattern/mediator/src/test/resources
2015-02-15 12:41:36,682 [Worker-0] INFO  o.e.m.c.i.embedder.EclipseLogger - Using 'UTF-8' encoding to copy filtered resources.
2015-02-15 12:41:36,682 [Worker-0] INFO  o.e.m.c.i.embedder.EclipseLogger - skip non existing resourceDirectory /home/mike/gitwork/mikegit/studycode/java/designpattern/memento/src/main/resources
2015-02-15 12:41:36,684 [Worker-0] INFO  o.e.m.c.i.embedder.EclipseLogger - Using 'UTF-8' encoding to copy filtered resources.
2015-02-15 12:41:36,684 [Worker-0] INFO  o.e.m.c.i.embedder.EclipseLogger - skip non existing resourceDirectory /home/mike/gitwork/mikegit/studycode/java/designpattern/memento/src/test/resources
2015-02-15 12:41:36,698 [Worker-0] INFO  o.e.m.c.i.embedder.EclipseLogger - Using 'UTF-8' encoding to copy filtered resources.
2015-02-15 12:41:36,698 [Worker-0] INFO  o.e.m.c.i.embedder.EclipseLogger - skip non existing resourceDirectory /home/mike/gitwork/mikegit/studycode/java/designpattern/observer/src/main/resources
2015-02-15 12:41:36,700 [Worker-0] INFO  o.e.m.c.i.embedder.EclipseLogger - Using 'UTF-8' encoding to copy filtered resources.
2015-02-15 12:41:36,700 [Worker-0] INFO  o.e.m.c.i.embedder.EclipseLogger - skip non existing resourceDirectory /home/mike/gitwork/mikegit/studycode/java/designpattern/observer/src/test/resources
2015-02-15 12:41:36,713 [Worker-0] INFO  o.e.m.c.i.embedder.EclipseLogger - Using 'UTF-8' encoding to copy filtered resources.
2015-02-15 12:41:36,713 [Worker-0] INFO  o.e.m.c.i.embedder.EclipseLogger - skip non existing resourceDirectory /home/mike/gitwork/mikegit/studycode/java/designpattern/prototype/src/main/resources
2015-02-15 12:41:36,714 [Worker-0] INFO  o.e.m.c.i.embedder.EclipseLogger - Using 'UTF-8' encoding to copy filtered resources.
2015-02-15 12:41:36,714 [Worker-0] INFO  o.e.m.c.i.embedder.EclipseLogger - skip non existing resourceDirectory /home/mike/gitwork/mikegit/studycode/java/designpattern/prototype/src/test/resources
2015-02-15 12:42:07,391 [Worker-2] INFO  o.e.m.c.i.l.LifecycleMappingFactory - Using org.eclipse.m2e.jdt.JarLifecycleMapping lifecycle mapping for MavenProject: com.mikehe.study.thread:producer-consumer:0.0.1-SNAPSHOT @ /home/mike/gitwork/mikegit/studycode/java/producer-consumer/pom.xml.
2015-02-15 12:42:07,684 [Worker-2] INFO  o.e.m.c.i.embedder.EclipseLogger - Using 'UTF-8' encoding to copy filtered resources.
2015-02-15 12:42:07,684 [Worker-2] INFO  o.e.m.c.i.embedder.EclipseLogger - skip non existing resourceDirectory /home/mike/gitwork/mikegit/studycode/java/producer-consumer/src/main/resources
2015-02-15 12:42:07,687 [Worker-2] INFO  o.e.m.c.i.embedder.EclipseLogger - Using 'UTF-8' encoding to copy filtered resources.
2015-02-15 12:42:07,687 [Worker-2] INFO  o.e.m.c.i.embedder.EclipseLogger - skip non existing resourceDirectory /home/mike/gitwork/mikegit/studycode/java/producer-consumer/src/test/resources
2015-02-15 12:42:07,937 [Worker-5] INFO  o.e.m.c.i.l.LifecycleMappingFactory - Using org.eclipse.m2e.jdt.JarLifecycleMapping lifecycle mapping for MavenProject: com.mikehe.study.thread:producer-consumer:0.0.1-SNAPSHOT @ /home/mike/gitwork/mikegit/studycode/java/producer-consumer/pom.xml.
2015-02-15 12:42:08,866 [Worker-2] INFO  o.e.m.c.i.embedder.EclipseLogger - Using 'UTF-8' encoding to copy filtered resources.
2015-02-15 12:42:08,866 [Worker-2] INFO  o.e.m.c.i.embedder.EclipseLogger - skip non existing resourceDirectory /home/mike/gitwork/mikegit/studycode/java/producer-consumer/src/main/resources
2015-02-15 12:42:08,868 [Worker-2] INFO  o.e.m.c.i.embedder.EclipseLogger - Using 'UTF-8' encoding to copy filtered resources.
2015-02-15 12:42:08,868 [Worker-2] INFO  o.e.m.c.i.embedder.EclipseLogger - skip non existing resourceDirectory /home/mike/gitwork/mikegit/studycode/java/producer-consumer/src/test/resources
